<?xml version="1.0" encoding="UTF-8"?>
<!-- Generated by org.testng.reporters.JUnitReportReporter -->
<testsuite hostname="29PC" failures="0" tests="2" name="testNG.SecondProgram" time="0.051" errors="0" timestamp="2020-04-26T23:57:00 BST" skipped="0">
  <testcase classname="testNG.SecondProgram" name="z" time="0.031"/>
  <system-out/>
  <testcase classname="testNG.SecondProgram" name="f" time="0.020"/>
  <system-out/>
</testsuite> <!-- testNG.SecondProgram -->
