<?xml version="1.0" encoding="UTF-8"?>
<!-- Generated by org.testng.reporters.JUnitReportReporter -->
<testsuite hostname="29PC" failures="0" tests="2" name="testNG.FirstProgram" time="0.025" errors="0" timestamp="2020-04-26T23:57:00 BST" skipped="0">
  <testcase classname="testNG.FirstProgram" name="f" time="0.020"/>
  <system-out/>
  <testcase classname="testNG.FirstProgram" name="a" time="0.005"/>
  <system-out/>
</testsuite> <!-- testNG.FirstProgram -->
