<?xml version="1.0" encoding="UTF-8"?>
<!-- Generated by org.testng.reporters.JUnitReportReporter -->
<testsuite hostname="29PC" failures="0" tests="3" name="testNG.AnnotatiosSample2" time="0.061" errors="0" timestamp="2020-04-26T23:57:00 BST" skipped="0">
  <testcase classname="testNG.AnnotatiosSample2" name="f" time="0.010"/>
  <system-out/>
  <testcase classname="testNG.AnnotatiosSample2" name="d" time="0.042"/>
  <system-out/>
  <testcase classname="testNG.AnnotatiosSample2" name="r" time="0.009"/>
  <system-out/>
</testsuite> <!-- testNG.AnnotatiosSample2 -->
