<?xml version="1.0" encoding="UTF-8"?>
<!-- Generated by org.testng.reporters.JUnitReportReporter -->
<testsuite hostname="29PC" failures="0" tests="1" name="testNG.TakeScreenshot" time="12.458" errors="0" timestamp="2020-04-27T17:46:13 BST" skipped="0">
  <testcase classname="testNG.TakeScreenshot" name="f" time="12.458"/>
  <system-out/>
</testsuite> <!-- testNG.TakeScreenshot -->
