<?xml version="1.0" encoding="UTF-8"?>
<!-- Generated by org.testng.reporters.JUnitReportReporter -->
<testsuite hostname="29PC" failures="0" tests="3" name="testNG.AnnotationsSample" time="0.050" errors="0" timestamp="2020-04-26T23:57:00 BST" skipped="0">
  <testcase classname="testNG.AnnotationsSample" name="t" time="0.004"/>
  <system-out/>
  <testcase classname="testNG.AnnotationsSample" name="f" time="0.030"/>
  <system-out/>
  <testcase classname="testNG.AnnotationsSample" name="b" time="0.016"/>
  <system-out/>
</testsuite> <!-- testNG.AnnotationsSample -->
