<?xml version="1.0" encoding="UTF-8"?>
<!-- Generated by org.testng.reporters.JUnitReportReporter -->
<testsuite hostname="29PC" failures="0" tests="3" name="testNG.PrioritySample" time="0.062" errors="0" timestamp="2020-04-26T23:57:00 BST" skipped="0">
  <testcase classname="testNG.PrioritySample" name="z" time="0.006"/>
  <system-out/>
  <testcase classname="testNG.PrioritySample" name="a" time="0.019"/>
  <system-out/>
  <testcase classname="testNG.PrioritySample" name="f" time="0.037"/>
  <system-out/>
</testsuite> <!-- testNG.PrioritySample -->
